2022-08-08 13:13:10 info: =================================
2022-08-08 13:13:10 info: ======= ENV: development =======
2022-08-08 13:13:10 info: 🚀 App listening on the port 3000
2022-08-08 13:13:10 info: =================================
2022-08-08 13:13:37 info: =================================
2022-08-08 13:13:37 info: ======= ENV: development =======
2022-08-08 13:13:37 info: 🚀 App listening on the port 3000
2022-08-08 13:13:37 info: =================================
2022-08-08 13:14:02 info: =================================
2022-08-08 13:14:02 info: ======= ENV: development =======
2022-08-08 13:14:02 info: 🚀 App listening on the port 3000
2022-08-08 13:14:02 info: =================================
2022-08-08 13:14:15 info: [0mPOST /load-data/soldiers-from-all-roles/7 [33m404[0m 3.632 ms - 175[0m
2022-08-08 13:14:55 info: [0mPOST /users/best-match [33m404[0m 1.062 ms - 156[0m
2022-08-08 13:14:56 info: [0mPOST /users/best-match/1 [33m404[0m 0.904 ms - 158[0m
2022-08-08 13:14:57 info: [0mPOST /users/best-match/2 [33m404[0m 0.613 ms - 158[0m
2022-08-08 13:15:00 error: [GET] /users/best-match/2 >> StatusCode:: 409, Message:: You're not user
2022-08-08 13:15:00 info: [0mGET /users/best-match/2 [33m409[0m 69.723 ms - 29[0m
2022-08-08 13:15:02 error: [GET] /users/best-match/1 >> StatusCode:: 409, Message:: You're not user
2022-08-08 13:15:02 info: [0mGET /users/best-match/1 [33m409[0m 2.619 ms - 29[0m
2022-08-08 13:15:03 error: [GET] /users/best-match/3 >> StatusCode:: 409, Message:: You're not user
2022-08-08 13:15:03 info: [0mGET /users/best-match/3 [33m409[0m 1.687 ms - 29[0m
2022-08-08 13:15:04 error: [GET] /users/best-match/4 >> StatusCode:: 409, Message:: You're not user
2022-08-08 13:15:04 info: [0mGET /users/best-match/4 [33m409[0m 2.115 ms - 29[0m
2022-08-08 13:15:04 error: [GET] /users/best-match/2 >> StatusCode:: 409, Message:: You're not user
2022-08-08 13:15:04 info: [0mGET /users/best-match/2 [33m409[0m 2.787 ms - 29[0m
2022-08-08 13:15:05 error: [GET] /users/best-match/1 >> StatusCode:: 409, Message:: You're not user
2022-08-08 13:15:05 info: [0mGET /users/best-match/1 [33m409[0m 2.231 ms - 29[0m
2022-08-08 13:16:53 error: [GET] /users/best-match/1 >> StatusCode:: 500, Message:: Relation with property path trophies in entity was not found.
2022-08-08 13:16:53 info: [0mGET /users/best-match/1 [31m500[0m 178.648 ms - 75[0m
2022-08-08 13:16:56 error: [GET] /users/best-match/2 >> StatusCode:: 500, Message:: Relation with property path trophies in entity was not found.
2022-08-08 13:16:56 info: [0mGET /users/best-match/2 [31m500[0m 2.221 ms - 75[0m
2022-08-08 13:16:59 error: [GET] /users/best-match/3 >> StatusCode:: 500, Message:: Relation with property path trophies in entity was not found.
2022-08-08 13:16:59 info: [0mGET /users/best-match/3 [31m500[0m 3.143 ms - 75[0m
2022-08-08 13:17:10 error: [GET] /users/best-match/4 >> StatusCode:: 500, Message:: Relation with property path trophies in entity was not found.
2022-08-08 13:17:10 info: [0mGET /users/best-match/4 [31m500[0m 50.986 ms - 75[0m
2022-08-08 13:18:58 info: =================================
2022-08-08 13:18:58 info: ======= ENV: development =======
2022-08-08 13:18:58 info: 🚀 App listening on the port 3000
2022-08-08 13:18:58 info: =================================
2022-08-08 13:19:02 error: [GET] /users/best-match/4 >> StatusCode:: 500, Message:: Relation with property path trophies in entity was not found.
2022-08-08 13:19:02 info: [0mGET /users/best-match/4 [31m500[0m 11.967 ms - 75[0m
2022-08-08 13:19:03 error: [GET] /users/best-match/4 >> StatusCode:: 500, Message:: Relation with property path trophies in entity was not found.
2022-08-08 13:19:03 info: [0mGET /users/best-match/4 [31m500[0m 2.458 ms - 75[0m
2022-08-08 13:19:20 info: =================================
2022-08-08 13:19:20 info: ======= ENV: development =======
2022-08-08 13:19:20 info: 🚀 App listening on the port 3000
2022-08-08 13:19:20 info: =================================
2022-08-08 13:19:20 error: [GET] /users/best-match/4 >> StatusCode:: 500, Message:: DataSource is not set for this entity.
2022-08-08 13:19:20 info: [0mGET /users/best-match/4 [31m500[0m 4.823 ms - 52[0m
2022-08-08 13:19:21 error: [GET] /users/best-match/4 >> StatusCode:: 500, Message:: Relation with property path trophies in entity was not found.
2022-08-08 13:19:21 info: [0mGET /users/best-match/4 [31m500[0m 2.742 ms - 75[0m
2022-08-08 13:19:22 error: [GET] /users/best-match/4 >> StatusCode:: 500, Message:: Relation with property path trophies in entity was not found.
2022-08-08 13:19:22 info: [0mGET /users/best-match/4 [31m500[0m 1.343 ms - 75[0m
2022-08-08 13:19:22 error: [GET] /users/best-match/4 >> StatusCode:: 500, Message:: Relation with property path trophies in entity was not found.
2022-08-08 13:19:22 info: [0mGET /users/best-match/4 [31m500[0m 1.370 ms - 75[0m
2022-08-08 13:19:23 error: [GET] /users/best-match/4 >> StatusCode:: 500, Message:: Relation with property path trophies in entity was not found.
2022-08-08 13:19:23 info: [0mGET /users/best-match/4 [31m500[0m 1.339 ms - 75[0m
2022-08-08 13:19:32 info: =================================
2022-08-08 13:19:32 info: ======= ENV: development =======
2022-08-08 13:19:32 info: 🚀 App listening on the port 3000
2022-08-08 13:19:32 info: =================================
2022-08-08 13:19:32 error: [GET] /users/best-match/4 >> StatusCode:: 500, Message:: Relation with property path trophies in entity was not found.
2022-08-08 13:19:32 info: [0mGET /users/best-match/4 [31m500[0m 11.533 ms - 75[0m
2022-08-08 13:19:33 error: [GET] /users/best-match/4 >> StatusCode:: 500, Message:: Relation with property path trophies in entity was not found.
2022-08-08 13:19:33 info: [0mGET /users/best-match/4 [31m500[0m 3.387 ms - 75[0m
2022-08-08 13:19:34 error: [GET] /users/best-match/4 >> StatusCode:: 500, Message:: Relation with property path trophies in entity was not found.
2022-08-08 13:19:34 info: [0mGET /users/best-match/4 [31m500[0m 2.208 ms - 75[0m
2022-08-08 13:19:34 error: [GET] /users/best-match/4 >> StatusCode:: 500, Message:: Relation with property path trophies in entity was not found.
2022-08-08 13:19:34 info: [0mGET /users/best-match/4 [31m500[0m 1.995 ms - 75[0m
2022-08-08 13:19:56 info: =================================
2022-08-08 13:19:56 info: ======= ENV: development =======
2022-08-08 13:19:56 info: 🚀 App listening on the port 3000
2022-08-08 13:19:56 info: =================================
2022-08-08 13:20:31 info: =================================
2022-08-08 13:20:31 info: ======= ENV: development =======
2022-08-08 13:20:31 info: 🚀 App listening on the port 3000
2022-08-08 13:20:31 info: =================================
2022-08-08 13:20:37 error: [GET] /users/best-match/4 >> StatusCode:: 500, Message:: Relation with property path trophies in entity was not found.
2022-08-08 13:20:37 info: [0mGET /users/best-match/4 [31m500[0m 12.315 ms - 75[0m
2022-08-08 13:20:43 info: =================================
2022-08-08 13:20:43 info: ======= ENV: development =======
2022-08-08 13:20:43 info: 🚀 App listening on the port 3000
2022-08-08 13:20:43 info: =================================
2022-08-08 13:20:47 error: [GET] /users/best-match/4 >> StatusCode:: 500, Message:: Relation with property path trophies in entity was not found.
2022-08-08 13:20:47 info: [0mGET /users/best-match/4 [31m500[0m 9.991 ms - 75[0m
2022-08-08 13:20:49 error: [GET] /users/best-match/4 >> StatusCode:: 500, Message:: Relation with property path trophies in entity was not found.
2022-08-08 13:20:49 info: [0mGET /users/best-match/4 [31m500[0m 3.677 ms - 75[0m
2022-08-08 13:21:12 info: =================================
2022-08-08 13:21:12 info: ======= ENV: development =======
2022-08-08 13:21:12 info: 🚀 App listening on the port 3000
2022-08-08 13:21:12 info: =================================
2022-08-08 13:21:29 info: =================================
2022-08-08 13:21:29 info: ======= ENV: development =======
2022-08-08 13:21:29 info: 🚀 App listening on the port 3000
2022-08-08 13:21:29 info: =================================
2022-08-08 13:21:32 error: [GET] /users/best-match/4 >> StatusCode:: 500, Message:: Relation with property path trophies in entity was not found.
2022-08-08 13:21:32 info: [0mGET /users/best-match/4 [31m500[0m 10.795 ms - 75[0m
2022-08-08 13:21:32 error: [GET] /users/best-match/4 >> StatusCode:: 500, Message:: Relation with property path trophies in entity was not found.
2022-08-08 13:21:32 info: [0mGET /users/best-match/4 [31m500[0m 2.977 ms - 75[0m
2022-08-08 13:21:39 error: [GET] /users/best-match/4 >> StatusCode:: 500, Message:: Relation with property path trophies in entity was not found.
2022-08-08 13:21:39 info: [0mGET /users/best-match/4 [31m500[0m 2.720 ms - 75[0m
2022-08-08 13:21:47 info: =================================
2022-08-08 13:21:47 info: ======= ENV: development =======
2022-08-08 13:21:47 info: 🚀 App listening on the port 3000
2022-08-08 13:21:47 info: =================================
2022-08-08 13:21:47 error: [GET] /users/best-match/4 >> StatusCode:: 500, Message:: Relation with property path trophies in entity was not found.
2022-08-08 13:21:47 info: [0mGET /users/best-match/4 [31m500[0m 10.412 ms - 75[0m
2022-08-08 13:21:48 error: [GET] /users/best-match/4 >> StatusCode:: 500, Message:: Relation with property path trophies in entity was not found.
2022-08-08 13:21:48 info: [0mGET /users/best-match/4 [31m500[0m 3.672 ms - 75[0m
2022-08-08 13:21:48 error: [GET] /users/best-match/4 >> StatusCode:: 500, Message:: Relation with property path trophies in entity was not found.
2022-08-08 13:21:48 info: [0mGET /users/best-match/4 [31m500[0m 2.892 ms - 75[0m
2022-08-08 13:26:15 info: =================================
2022-08-08 13:26:15 info: ======= ENV: development =======
2022-08-08 13:26:15 info: 🚀 App listening on the port 3000
2022-08-08 13:26:15 info: =================================
2022-08-08 13:26:25 info: =================================
2022-08-08 13:26:25 info: ======= ENV: development =======
2022-08-08 13:26:25 info: 🚀 App listening on the port 3000
2022-08-08 13:26:25 info: =================================
2022-08-08 13:26:30 error: [GET] /users/best-match/4 >> StatusCode:: 500, Message:: Relation with property path trophies in entity was not found.
2022-08-08 13:26:30 info: [0mGET /users/best-match/4 [31m500[0m 15.666 ms - 75[0m
2022-08-08 13:26:31 error: [GET] /users/best-match/4 >> StatusCode:: 500, Message:: Relation with property path trophies in entity was not found.
2022-08-08 13:26:31 info: [0mGET /users/best-match/4 [31m500[0m 3.685 ms - 75[0m
2022-08-08 13:26:58 info: =================================
2022-08-08 13:26:58 info: ======= ENV: development =======
2022-08-08 13:26:58 info: 🚀 App listening on the port 3000
2022-08-08 13:26:58 info: =================================
2022-08-08 13:27:04 info: =================================
2022-08-08 13:27:04 info: ======= ENV: development =======
2022-08-08 13:27:04 info: 🚀 App listening on the port 3000
2022-08-08 13:27:04 info: =================================
2022-08-08 13:27:08 info: =================================
2022-08-08 13:27:08 info: ======= ENV: development =======
2022-08-08 13:27:08 info: 🚀 App listening on the port 3000
2022-08-08 13:27:08 info: =================================
2022-08-08 13:27:12 error: [GET] /users/best-match/4 >> StatusCode:: 500, Message:: Relation with property path trophies in entity was not found.
2022-08-08 13:27:12 info: [0mGET /users/best-match/4 [31m500[0m 18.790 ms - 75[0m
2022-08-08 13:27:12 error: [GET] /users/best-match/4 >> StatusCode:: 500, Message:: Relation with property path trophies in entity was not found.
2022-08-08 13:27:12 info: [0mGET /users/best-match/4 [31m500[0m 3.200 ms - 75[0m
2022-08-08 13:28:36 error: [GET] /users/best-match/4 >> StatusCode:: 500, Message:: Relation with property path trophies in entity was not found.
2022-08-08 13:28:36 info: [0mGET /users/best-match/4 [31m500[0m 55.722 ms - 75[0m
2022-08-08 13:29:46 info: =================================
2022-08-08 13:29:46 info: ======= ENV: development =======
2022-08-08 13:29:46 info: 🚀 App listening on the port 3000
2022-08-08 13:29:46 info: =================================
2022-08-08 13:29:48 error: [GET] /users/best-match/4 >> StatusCode:: 500, Message:: Relation with property path trophies in entity was not found.
2022-08-08 13:29:48 info: [0mGET /users/best-match/4 [31m500[0m 10.551 ms - 75[0m
2022-08-08 13:29:52 error: [GET] /users/best-match/4 >> StatusCode:: 500, Message:: Relation with property path trophies in entity was not found.
2022-08-08 13:29:52 info: [0mGET /users/best-match/4 [31m500[0m 3.338 ms - 75[0m
2022-08-08 13:29:53 error: [GET] /users/best-match/4 >> StatusCode:: 500, Message:: Relation with property path trophies in entity was not found.
2022-08-08 13:29:53 info: [0mGET /users/best-match/4 [31m500[0m 2.084 ms - 75[0m
2022-08-08 13:29:56 error: [GET] /users/best-match/4 >> StatusCode:: 500, Message:: Relation with property path trophies in entity was not found.
2022-08-08 13:29:56 info: [0mGET /users/best-match/4 [31m500[0m 2.429 ms - 75[0m
2022-08-08 13:30:16 info: =================================
2022-08-08 13:30:16 info: ======= ENV: development =======
2022-08-08 13:30:16 info: 🚀 App listening on the port 3000
2022-08-08 13:30:16 info: =================================
2022-08-08 13:30:20 error: [GET] /users/best-match/4 >> StatusCode:: 500, Message:: Relation with property path trophies in entity was not found.
2022-08-08 13:30:20 info: [0mGET /users/best-match/4 [31m500[0m 11.493 ms - 75[0m
2022-08-08 13:30:23 error: [GET] /users/best-match/4 >> StatusCode:: 500, Message:: Relation with property path trophies in entity was not found.
2022-08-08 13:30:23 info: [0mGET /users/best-match/4 [31m500[0m 2.582 ms - 75[0m
2022-08-08 13:30:47 info: =================================
2022-08-08 13:30:47 info: ======= ENV: development =======
2022-08-08 13:30:47 info: 🚀 App listening on the port 3000
2022-08-08 13:30:47 info: =================================
2022-08-08 13:30:49 error: [GET] /users/best-match/4 >> StatusCode:: 500, Message:: Relation with property path trophies in entity was not found.
2022-08-08 13:30:49 info: [0mGET /users/best-match/4 [31m500[0m 11.720 ms - 75[0m
2022-08-08 13:30:49 error: [GET] /users/best-match/4 >> StatusCode:: 500, Message:: Relation with property path trophies in entity was not found.
2022-08-08 13:30:49 info: [0mGET /users/best-match/4 [31m500[0m 2.672 ms - 75[0m
2022-08-08 13:30:50 error: [GET] /users/best-match/4 >> StatusCode:: 500, Message:: Relation with property path trophies in entity was not found.
2022-08-08 13:30:50 info: [0mGET /users/best-match/4 [31m500[0m 2.978 ms - 75[0m
2022-08-08 13:31:51 info: =================================
2022-08-08 13:31:51 info: ======= ENV: development =======
2022-08-08 13:31:51 info: 🚀 App listening on the port 3000
2022-08-08 13:31:51 info: =================================
2022-08-08 13:31:53 info: =================================
2022-08-08 13:31:53 info: ======= ENV: development =======
2022-08-08 13:31:53 info: 🚀 App listening on the port 3000
2022-08-08 13:31:53 info: =================================
2022-08-08 13:31:56 info: =================================
2022-08-08 13:31:56 info: ======= ENV: development =======
2022-08-08 13:31:56 info: 🚀 App listening on the port 3000
2022-08-08 13:31:56 info: =================================
2022-08-08 13:32:16 info: =================================
2022-08-08 13:32:16 info: ======= ENV: development =======
2022-08-08 13:32:16 info: 🚀 App listening on the port 3000
2022-08-08 13:32:16 info: =================================
2022-08-08 13:33:14 error: [GET] /users/best-match/4 >> StatusCode:: 500, Message:: Relation with property path trophies in entity was not found.
2022-08-08 13:33:14 info: [0mGET /users/best-match/4 [31m500[0m 63.438 ms - 75[0m
2022-08-08 13:34:05 info: =================================
2022-08-08 13:34:05 info: ======= ENV: development =======
2022-08-08 13:34:05 info: 🚀 App listening on the port 3000
2022-08-08 13:34:05 info: =================================
2022-08-08 13:34:13 info: =================================
2022-08-08 13:34:13 info: ======= ENV: development =======
2022-08-08 13:34:13 info: 🚀 App listening on the port 3000
2022-08-08 13:34:13 info: =================================
2022-08-08 13:35:26 error: [GET] /users/best-match/4 >> StatusCode:: 500, Message:: Relation with property path trophies in entity was not found.
2022-08-08 13:35:26 info: [0mGET /users/best-match/4 [31m500[0m 76.665 ms - 75[0m
2022-08-08 13:36:37 info: =================================
2022-08-08 13:36:37 info: ======= ENV: development =======
2022-08-08 13:36:37 info: 🚀 App listening on the port 3000
2022-08-08 13:36:37 info: =================================
2022-08-08 13:36:44 info: =================================
2022-08-08 13:36:44 info: ======= ENV: development =======
2022-08-08 13:36:44 info: 🚀 App listening on the port 3000
2022-08-08 13:36:44 info: =================================
2022-08-08 13:36:44 error: [GET] /users/best-match/4 >> StatusCode:: 500, Message:: Relation with property path trophies in entity was not found.
2022-08-08 13:36:44 info: [0mGET /users/best-match/4 [31m500[0m 11.169 ms - 75[0m
2022-08-08 13:36:45 error: [GET] /users/best-match/4 >> StatusCode:: 500, Message:: Relation with property path trophies in entity was not found.
2022-08-08 13:36:45 info: [0mGET /users/best-match/4 [31m500[0m 3.108 ms - 75[0m
2022-08-08 13:36:46 error: [GET] /users/best-match/4 >> StatusCode:: 500, Message:: Relation with property path trophies in entity was not found.
2022-08-08 13:36:46 info: [0mGET /users/best-match/4 [31m500[0m 2.414 ms - 75[0m
2022-08-08 13:36:47 error: [GET] /users/best-match/4 >> StatusCode:: 500, Message:: Relation with property path trophies in entity was not found.
2022-08-08 13:36:47 info: [0mGET /users/best-match/4 [31m500[0m 5.162 ms - 75[0m
2022-08-08 13:36:47 error: [GET] /users/best-match/4 >> StatusCode:: 500, Message:: Relation with property path trophies in entity was not found.
2022-08-08 13:36:47 info: [0mGET /users/best-match/4 [31m500[0m 2.594 ms - 75[0m
2022-08-08 13:36:48 error: [GET] /users/best-match/4 >> StatusCode:: 500, Message:: Relation with property path trophies in entity was not found.
2022-08-08 13:36:48 info: [0mGET /users/best-match/4 [31m500[0m 2.156 ms - 75[0m
2022-08-08 13:36:49 error: [GET] /users/best-match/4 >> StatusCode:: 500, Message:: Relation with property path trophies in entity was not found.
2022-08-08 13:36:49 info: [0mGET /users/best-match/4 [31m500[0m 2.139 ms - 75[0m
2022-08-08 13:36:54 info: =================================
2022-08-08 13:36:54 info: ======= ENV: development =======
2022-08-08 13:36:54 info: 🚀 App listening on the port 3000
2022-08-08 13:36:54 info: =================================
2022-08-08 13:36:54 error: [GET] /users/best-match/4 >> StatusCode:: 500, Message:: Relation with property path trophies in entity was not found.
2022-08-08 13:36:54 info: [0mGET /users/best-match/4 [31m500[0m 6.686 ms - 75[0m
2022-08-08 13:36:55 error: [GET] /users/best-match/4 >> StatusCode:: 500, Message:: Relation with property path trophies in entity was not found.
2022-08-08 13:36:55 info: [0mGET /users/best-match/4 [31m500[0m 2.210 ms - 75[0m
2022-08-08 13:37:00 info: =================================
2022-08-08 13:37:00 info: ======= ENV: development =======
2022-08-08 13:37:00 info: 🚀 App listening on the port 3000
2022-08-08 13:37:00 info: =================================
2022-08-08 13:37:00 info: [0mGET /users/best-match/4 [32m200[0m 8.253 ms - 88[0m
2022-08-08 13:37:16 info: =================================
2022-08-08 13:37:16 info: ======= ENV: development =======
2022-08-08 13:37:16 info: 🚀 App listening on the port 3000
2022-08-08 13:37:16 info: =================================
2022-08-08 13:37:19 info: [0mGET /users/best-match/4 [32m200[0m 11.478 ms - 88[0m
2022-08-08 13:37:20 info: [0mGET /users/best-match/4 [32m200[0m 2.625 ms - 88[0m
2022-08-08 13:37:21 info: [0mGET /users/best-match/4 [32m200[0m 3.604 ms - 88[0m
2022-08-08 13:37:24 info: =================================
2022-08-08 13:37:24 info: ======= ENV: development =======
2022-08-08 13:37:24 info: 🚀 App listening on the port 3000
2022-08-08 13:37:24 info: =================================
2022-08-08 13:37:26 info: [0mGET /users/best-match/2 [32m200[0m 10.373 ms - 88[0m
2022-08-08 13:37:27 info: [0mGET /users/best-match/1 [32m200[0m 2.630 ms - 88[0m
2022-08-08 13:37:27 info: [0mGET /users/best-match/3 [32m200[0m 1.942 ms - 88[0m
2022-08-08 13:37:28 info: [0mGET /users/best-match/4 [32m200[0m 1.776 ms - 88[0m
2022-08-08 13:37:29 info: [0mGET /users/best-match/2 [32m200[0m 2.523 ms - 88[0m
2022-08-08 13:37:29 info: [0mGET /users/best-match/3 [32m200[0m 1.999 ms - 88[0m
2022-08-08 13:37:30 info: [0mGET /users/best-match/1 [32m200[0m 1.739 ms - 88[0m
2022-08-08 13:37:31 error: [GET] /users/best-match/45 >> StatusCode:: 409, Message:: You're not user
2022-08-08 13:37:31 info: [0mGET /users/best-match/45 [33m409[0m 1.957 ms - 29[0m
2022-08-08 13:37:32 info: [0mGET /users/best-match/4 [32m200[0m 2.500 ms - 88[0m
2022-08-08 13:37:49 info: =================================
2022-08-08 13:37:49 info: ======= ENV: development =======
2022-08-08 13:37:49 info: 🚀 App listening on the port 3000
2022-08-08 13:37:49 info: =================================
2022-08-08 13:37:50 info: [0mGET /users/best-match/4 [32m200[0m 10.724 ms - 88[0m
2022-08-08 13:37:56 info: =================================
2022-08-08 13:37:56 info: ======= ENV: development =======
2022-08-08 13:37:56 info: 🚀 App listening on the port 3000
2022-08-08 13:37:56 info: =================================
2022-08-08 13:37:56 info: [0mGET /users/best-match/4 [32m200[0m 11.170 ms - 83[0m
2022-08-08 13:38:04 info: =================================
2022-08-08 13:38:04 info: ======= ENV: development =======
2022-08-08 13:38:04 info: 🚀 App listening on the port 3000
2022-08-08 13:38:04 info: =================================
2022-08-08 13:38:05 info: [0mGET /users/best-match/4 [32m200[0m 10.552 ms - 88[0m
2022-08-08 13:38:21 info: =================================
2022-08-08 13:38:21 info: ======= ENV: development =======
2022-08-08 13:38:21 info: 🚀 App listening on the port 3000
2022-08-08 13:38:21 info: =================================
2022-08-08 13:38:35 error: [GET] /users/best-match/4 >> StatusCode:: 500, Message:: syntax error at or near ":"
2022-08-08 13:38:35 info: [0mGET /users/best-match/4 [31m500[0m 173.067 ms - 43[0m
2022-08-08 13:38:44 info: =================================
2022-08-08 13:38:44 info: ======= ENV: development =======
2022-08-08 13:38:44 info: 🚀 App listening on the port 3000
2022-08-08 13:38:44 info: =================================
2022-08-08 14:04:42 info: =================================
2022-08-08 14:04:42 info: ======= ENV: development =======
2022-08-08 14:04:42 info: 🚀 App listening on the port 3000
2022-08-08 14:04:42 info: =================================
2022-08-08 14:04:47 error: [GET] /users/best-match/4 >> StatusCode:: 500, Message:: syntax error at or near "ASC"
2022-08-08 14:04:47 info: [0mGET /users/best-match/4 [31m500[0m 17.713 ms - 45[0m
2022-08-08 14:04:50 error: [GET] /users/best-match/1 >> StatusCode:: 500, Message:: syntax error at or near "ASC"
2022-08-08 14:04:50 info: [0mGET /users/best-match/1 [31m500[0m 3.100 ms - 45[0m
2022-08-08 14:04:52 error: [GET] /users/best-match/2 >> StatusCode:: 500, Message:: syntax error at or near "ASC"
2022-08-08 14:04:52 info: [0mGET /users/best-match/2 [31m500[0m 4.062 ms - 45[0m
2022-08-08 14:04:53 error: [GET] /users/best-match/3 >> StatusCode:: 500, Message:: syntax error at or near "ASC"
2022-08-08 14:04:53 info: [0mGET /users/best-match/3 [31m500[0m 2.718 ms - 45[0m
2022-08-08 14:05:00 info: =================================
2022-08-08 14:05:00 info: ======= ENV: development =======
2022-08-08 14:05:00 info: 🚀 App listening on the port 3000
2022-08-08 14:05:00 info: =================================
2022-08-08 14:05:02 info: [0mGET /users/best-match/3 [32m200[0m 10.340 ms - 88[0m
2022-08-08 14:05:04 info: [0mGET /users/best-match/3 [32m200[0m 2.825 ms - 88[0m
2022-08-08 14:05:06 info: [0mGET /users/best-match/1 [32m200[0m 2.197 ms - 88[0m
2022-08-08 14:05:07 info: [0mGET /users/best-match/2 [32m200[0m 1.828 ms - 88[0m
2022-08-08 14:05:08 info: [0mGET /users/best-match/4 [32m200[0m 2.144 ms - 88[0m
2022-08-08 14:05:09 info: [0mGET /users/best-match/3 [32m200[0m 2.324 ms - 88[0m
2022-08-08 14:05:09 info: [0mGET /users/best-match/2 [32m200[0m 2.406 ms - 88[0m
2022-08-08 14:05:10 info: [0mGET /users/best-match/2 [32m200[0m 2.076 ms - 88[0m
2022-08-08 14:05:12 info: [0mGET /users/best-match/1 [32m200[0m 1.870 ms - 88[0m
2022-08-08 14:05:13 error: [GET] /users/best-match/5 >> StatusCode:: 409, Message:: You're not user
2022-08-08 14:05:13 info: [0mGET /users/best-match/5 [33m409[0m 2.404 ms - 29[0m
2022-08-08 14:05:14 error: [GET] /users/best-match/52 >> StatusCode:: 409, Message:: You're not user
2022-08-08 14:05:14 info: [0mGET /users/best-match/52 [33m409[0m 1.664 ms - 29[0m
2022-08-08 14:05:14 error: [GET] /users/best-match/53 >> StatusCode:: 409, Message:: You're not user
2022-08-08 14:05:14 info: [0mGET /users/best-match/53 [33m409[0m 1.777 ms - 29[0m
2022-08-08 14:05:16 info: [0mGET /users/best-match/3 [32m200[0m 2.417 ms - 88[0m
2022-08-08 14:05:17 info: [0mGET /users/best-match/2 [32m200[0m 1.674 ms - 88[0m
2022-08-08 14:06:10 info: =================================
2022-08-08 14:06:10 info: ======= ENV: development =======
2022-08-08 14:06:10 info: 🚀 App listening on the port 3000
2022-08-08 14:06:10 info: =================================
2022-08-08 14:08:01 info: =================================
2022-08-08 14:08:01 info: ======= ENV: development =======
2022-08-08 14:08:01 info: 🚀 App listening on the port 3000
2022-08-08 14:08:01 info: =================================
2022-08-08 14:08:07 info: [0mGET /users/best-match/2 [32m200[0m 14.068 ms - 88[0m
2022-08-08 14:11:35 info: =================================
2022-08-08 14:11:35 info: ======= ENV: development =======
2022-08-08 14:11:35 info: 🚀 App listening on the port 3000
2022-08-08 14:11:35 info: =================================
2022-08-08 14:11:38 info: =================================
2022-08-08 14:11:38 info: ======= ENV: development =======
2022-08-08 14:11:38 info: 🚀 App listening on the port 3000
2022-08-08 14:11:38 info: =================================
2022-08-08 14:11:39 info: [0mGET /users/best-match/3 [32m200[0m 11.399 ms - 88[0m
2022-08-08 14:11:40 info: [0mGET /users/best-match/1 [32m200[0m 2.454 ms - 86[0m
2022-08-08 14:11:41 info: [0mGET /users/best-match/4 [32m200[0m 2.894 ms - 88[0m
2022-08-08 14:11:42 info: [0mGET /users/best-match/1 [32m200[0m 2.256 ms - 86[0m
2022-08-08 14:11:43 info: [0mGET /users/best-match/2 [32m200[0m 2.134 ms - 88[0m
2022-08-08 14:11:44 info: [0mGET /users/best-match/3 [32m200[0m 2.064 ms - 88[0m
2022-08-08 14:11:45 info: [0mGET /users/best-match/4 [32m200[0m 2.017 ms - 88[0m
2022-08-08 14:11:46 info: [0mGET /users/best-match/1 [32m200[0m 2.172 ms - 86[0m
2022-08-08 14:12:04 info: =================================
2022-08-08 14:12:04 info: ======= ENV: development =======
2022-08-08 14:12:04 info: 🚀 App listening on the port 3000
2022-08-08 14:12:04 info: =================================
2022-08-08 14:12:10 info: [0mGET /users/best-match/1 [32m200[0m 10.539 ms - 86[0m
2022-08-08 14:12:12 info: [0mGET /users/best-match/1 [32m200[0m 2.373 ms - 86[0m
2022-08-08 14:12:15 info: [0mGET /users/best-match/2 [32m200[0m 2.828 ms - 88[0m
2022-08-08 14:12:16 info: [0mGET /users/best-match/3 [32m200[0m 3.615 ms - 88[0m
2022-08-08 14:12:17 info: [0mGET /users/best-match/1 [32m200[0m 2.521 ms - 86[0m
2022-08-08 14:12:18 info: [0mGET /users/best-match/2 [32m200[0m 1.856 ms - 88[0m
2022-08-08 14:12:19 info: [0mGET /users/best-match/1 [32m200[0m 1.844 ms - 86[0m
2022-08-08 14:12:22 info: [0mGET /users/best-match/2 [32m200[0m 1.794 ms - 88[0m
2022-08-08 14:12:23 info: [0mGET /users/best-match/1 [32m200[0m 2.714 ms - 86[0m
2022-08-08 14:12:23 info: [0mGET /users/best-match/4 [32m200[0m 2.126 ms - 88[0m
2022-08-08 14:12:24 info: [0mGET /users/best-match/2 [32m200[0m 2.967 ms - 88[0m
2022-08-08 14:12:25 info: [0mGET /users/best-match/1 [32m200[0m 2.903 ms - 86[0m
2022-08-08 14:13:12 info: =================================
2022-08-08 14:13:12 info: ======= ENV: development =======
2022-08-08 14:13:12 info: 🚀 App listening on the port 3000
2022-08-08 14:13:12 info: =================================
2022-08-08 14:13:20 info: [0mGET /users/best-match/2 [32m200[0m 6485.285 ms - 200[0m
2022-08-08 14:13:30 info: [0mGET /users/best-match/3 [32m200[0m 8108.729 ms - 203[0m
2022-08-08 14:14:33 info: [0mGET /users/best-match/2 [32m200[0m 56694.739 ms - 200[0m
2022-08-08 14:15:13 info: [0mGET /users/best-match/2 [32m200[0m 9904.863 ms - 200[0m
2022-08-08 14:15:17 info: [0mGET /users/best-match/2 [32m200[0m 7.118 ms - 200[0m
2022-08-08 14:15:19 info: [0mGET /users/best-match/2 [32m200[0m 5.134 ms - 200[0m
2022-08-08 14:15:20 info: [0mGET /users/best-match/3 [32m200[0m 7.063 ms - 203[0m
2022-08-08 14:15:21 info: [0mGET /users/best-match/1 [32m200[0m 4.030 ms - 198[0m
2022-08-08 14:15:22 info: [0mGET /users/best-match/3 [32m200[0m 5.960 ms - 203[0m
2022-08-08 14:15:22 info: [0mGET /users/best-match/1 [32m200[0m 4.408 ms - 198[0m
2022-08-08 14:15:23 info: [0mGET /users/best-match/2 [32m200[0m 4.553 ms - 200[0m
2022-08-08 14:15:24 info: [0mGET /users/best-match/1 [32m200[0m 5.210 ms - 198[0m
2022-08-08 14:15:24 info: [0mGET /users/best-match/2 [32m200[0m 3.997 ms - 200[0m
2022-08-08 14:15:25 info: [0mGET /users/best-match/3 [32m200[0m 4.424 ms - 203[0m
2022-08-08 14:15:26 info: [0mGET /users/best-match/2 [32m200[0m 3.856 ms - 200[0m
2022-08-08 14:15:27 info: [0mGET /users/best-match/2 [32m200[0m 4.577 ms - 200[0m
2022-08-08 14:15:28 info: [0mGET /users/best-match/2 [32m200[0m 5.065 ms - 200[0m
2022-08-08 14:15:28 info: [0mGET /users/best-match/3 [32m200[0m 5.195 ms - 203[0m
2022-08-08 14:15:29 info: [0mGET /users/best-match/2 [32m200[0m 6.450 ms - 200[0m
2022-08-08 14:15:30 info: [0mGET /users/best-match/1 [32m200[0m 8.085 ms - 198[0m
2022-08-08 14:15:31 info: [0mGET /users/best-match/2 [32m200[0m 3.828 ms - 200[0m
2022-08-08 14:15:32 info: [0mGET /users/best-match/3 [32m200[0m 4.645 ms - 203[0m
2022-08-08 14:15:32 info: [0mGET /users/best-match/1 [32m200[0m 3.947 ms - 198[0m
2022-08-08 14:15:33 info: [0mGET /users/best-match/2 [32m200[0m 6.300 ms - 200[0m
2022-08-08 14:15:34 info: [0mGET /users/best-match/3 [32m200[0m 4.284 ms - 203[0m
2022-08-08 14:15:36 info: [0mGET /users/best-match/1 [32m200[0m 4.412 ms - 198[0m
2022-08-08 14:16:00 info: =================================
2022-08-08 14:16:00 info: ======= ENV: development =======
2022-08-08 14:16:00 info: 🚀 App listening on the port 3000
2022-08-08 14:16:00 info: =================================
2022-08-08 14:16:00 info: [0mGET /users/best-match/1 [32m200[0m 161.127 ms - 198[0m
2022-08-08 14:16:01 info: [0mGET /users/best-match/1 [32m200[0m 6.898 ms - 198[0m
2022-08-08 14:16:09 info: =================================
2022-08-08 14:16:09 info: ======= ENV: development =======
2022-08-08 14:16:09 info: 🚀 App listening on the port 3000
2022-08-08 14:16:09 info: =================================
2022-08-08 14:16:17 info: =================================
2022-08-08 14:16:17 info: ======= ENV: development =======
2022-08-08 14:16:17 info: 🚀 App listening on the port 3000
2022-08-08 14:16:17 info: =================================
2022-08-08 14:16:37 info: [0mGET /users/best-match/1 [32m200[0m 174.125 ms - 86[0m
2022-08-08 14:16:51 info: [0mGET /users/best-match/ [33m404[0m 1.944 ms - 156[0m
2022-08-08 14:16:52 info: [0mGET /users/best-match/2 [32m200[0m 50.996 ms - 83[0m
2022-08-08 14:16:53 info: [0mGET /users/best-match/ [33m404[0m 1.388 ms - 156[0m
2022-08-08 14:16:54 info: [0mGET /users/best-match/4 [32m200[0m 5.065 ms - 86[0m
2022-08-08 14:16:55 info: [0mGET /users/best-match/1 [32m200[0m 4.610 ms - 86[0m
2022-08-08 14:16:56 info: [0mGET /users/best-match/2 [32m200[0m 5.549 ms - 83[0m
2022-08-08 14:16:57 info: [0mGET /users/best-match/1 [32m200[0m 4.739 ms - 86[0m
2022-08-08 14:16:58 info: [0mGET /users/best-match/4 [32m200[0m 5.330 ms - 86[0m
2022-08-08 14:16:59 info: [0mGET /users/best-match/2 [32m200[0m 4.900 ms - 83[0m
2022-08-08 14:17:19 info: =================================
2022-08-08 14:17:19 info: ======= ENV: development =======
2022-08-08 14:17:19 info: 🚀 App listening on the port 3000
2022-08-08 14:17:19 info: =================================
2022-08-08 14:20:09 info: =================================
2022-08-08 14:20:09 info: ======= ENV: development =======
2022-08-08 14:20:09 info: 🚀 App listening on the port 3000
2022-08-08 14:20:09 info: =================================
2022-08-08 14:20:20 info: =================================
2022-08-08 14:20:20 info: ======= ENV: development =======
2022-08-08 14:20:20 info: 🚀 App listening on the port 3000
2022-08-08 14:20:20 info: =================================
2022-08-08 14:20:23 info: [0mGET /users/best-match/2 [32m200[0m 16.950 ms - 88[0m
2022-08-08 14:20:24 info: [0mGET /users/best-match/2 [32m200[0m 5.616 ms - 88[0m
2022-08-08 14:20:26 info: [0mGET /users/best-match/1 [32m200[0m 4.206 ms - 83[0m
2022-08-08 14:20:26 info: [0mGET /users/best-match/3 [32m200[0m 5.174 ms - 88[0m
2022-08-08 14:20:27 info: [0mGET /users/best-match/2 [32m200[0m 4.239 ms - 88[0m
2022-08-08 14:20:28 info: [0mGET /users/best-match/1 [32m200[0m 5.716 ms - 83[0m
2022-08-08 14:20:39 info: [0mGET /users/best-match/2 [32m200[0m 175.845 ms - 88[0m
2022-08-08 14:20:50 info: [0mGET /users/best-match/3 [32m200[0m 67.513 ms - 88[0m
2022-08-08 14:20:52 info: [0mGET /users/best-match/2 [32m200[0m 4.405 ms - 88[0m
2022-08-08 14:20:53 info: [0mGET /users/best-match/3 [32m200[0m 4.989 ms - 88[0m
2022-08-08 14:20:54 info: [0mGET /users/best-match/4 [32m200[0m 4.099 ms - 88[0m
2022-08-08 14:20:55 info: [0mGET /users/best-match/1 [32m200[0m 4.611 ms - 83[0m
2022-08-08 14:20:56 info: [0mGET /users/best-match/2 [32m200[0m 4.053 ms - 88[0m
2022-08-08 14:20:57 info: [0mGET /users/best-match/3 [32m200[0m 4.619 ms - 88[0m
2022-08-08 14:20:57 info: [0mGET /users/best-match/4 [32m200[0m 3.894 ms - 88[0m
2022-08-08 14:22:39 info: =================================
2022-08-08 14:22:39 info: ======= ENV: development =======
2022-08-08 14:22:39 info: 🚀 App listening on the port 3000
2022-08-08 14:22:39 info: =================================
2022-08-08 14:23:05 info: =================================
2022-08-08 14:23:05 info: ======= ENV: development =======
2022-08-08 14:23:05 info: 🚀 App listening on the port 3000
2022-08-08 14:23:05 info: =================================
2022-08-08 14:23:16 info: =================================
2022-08-08 14:23:16 info: ======= ENV: development =======
2022-08-08 14:23:16 info: 🚀 App listening on the port 3000
2022-08-08 14:23:16 info: =================================
2022-08-08 14:24:02 info: =================================
2022-08-08 14:24:02 info: ======= ENV: development =======
2022-08-08 14:24:02 info: 🚀 App listening on the port 3000
2022-08-08 14:24:02 info: =================================
2022-08-08 14:24:28 info: =================================
2022-08-08 14:24:28 info: ======= ENV: development =======
2022-08-08 14:24:28 info: 🚀 App listening on the port 3000
2022-08-08 14:24:28 info: =================================
2022-08-08 14:24:33 info: =================================
2022-08-08 14:24:33 info: ======= ENV: development =======
2022-08-08 14:24:33 info: 🚀 App listening on the port 3000
2022-08-08 14:24:33 info: =================================
2022-08-08 14:24:52 info: =================================
2022-08-08 14:24:52 info: ======= ENV: development =======
2022-08-08 14:24:52 info: 🚀 App listening on the port 3000
2022-08-08 14:24:52 info: =================================
2022-08-08 14:24:57 info: [0mGET /users/best-match/4 [32m200[0m 15.438 ms - 88[0m
2022-08-08 14:25:01 info: [0mGET /users/best-match/1 [32m200[0m 5.250 ms - 83[0m
2022-08-08 14:25:09 info: [0mGET /users/best-match/2 [32m200[0m 4.855 ms - 88[0m
2022-08-08 14:25:42 info: =================================
2022-08-08 14:25:42 info: ======= ENV: development =======
2022-08-08 14:25:42 info: 🚀 App listening on the port 3000
2022-08-08 14:25:42 info: =================================
2022-08-08 14:25:45 info: [0mGET /users/best-match/2 [32m200[0m 16.582 ms - 83[0m
2022-08-08 14:25:46 info: [0mGET /users/best-match/2 [32m200[0m 5.108 ms - 83[0m
2022-08-08 14:25:48 info: [0mGET /users/best-match/1 [32m200[0m 4.428 ms - 83[0m
2022-08-08 14:25:49 info: [0mGET /users/best-match/3 [32m200[0m 4.499 ms - 83[0m
2022-08-08 14:25:58 info: =================================
2022-08-08 14:25:58 info: ======= ENV: development =======
2022-08-08 14:25:58 info: 🚀 App listening on the port 3000
2022-08-08 14:25:58 info: =================================
2022-08-08 14:25:58 error: [GET] /users/best-match/3 >> StatusCode:: 500, Message:: DataSource is not set for this entity.
2022-08-08 14:25:58 info: [0mGET /users/best-match/3 [31m500[0m 7.191 ms - 52[0m
2022-08-08 14:26:45 info: =================================
2022-08-08 14:26:45 info: ======= ENV: development =======
2022-08-08 14:26:45 info: 🚀 App listening on the port 3000
2022-08-08 14:26:45 info: =================================
2022-08-08 14:26:51 info: =================================
2022-08-08 14:26:51 info: ======= ENV: development =======
2022-08-08 14:26:51 info: 🚀 App listening on the port 3000
2022-08-08 14:26:51 info: =================================
2022-08-08 14:27:00 info: [0mGET /users/best-match/3 [32m200[0m 16.056 ms - 88[0m
2022-08-08 14:27:02 info: [0mGET /users/best-match/2 [32m200[0m 5.666 ms - 88[0m
2022-08-08 14:27:03 info: [0mGET /users/best-match/1 [32m200[0m 4.572 ms - 86[0m
2022-08-08 14:27:04 info: [0mGET /users/best-match/4 [32m200[0m 4.651 ms - 88[0m
2022-08-08 14:27:05 info: [0mGET /users/best-match/3 [32m200[0m 4.699 ms - 88[0m
2022-08-08 14:27:05 info: [0mGET /users/best-match/2 [32m200[0m 4.763 ms - 88[0m
2022-08-08 14:27:06 info: [0mGET /users/best-match/1 [32m200[0m 5.018 ms - 86[0m
2022-08-08 14:27:26 info: =================================
2022-08-08 14:27:26 info: ======= ENV: development =======
2022-08-08 14:27:26 info: 🚀 App listening on the port 3000
2022-08-08 14:27:26 info: =================================
2022-08-08 14:27:27 info: [0mGET /users/best-match/1 [32m200[0m 14.753 ms - 86[0m
2022-08-08 14:27:28 info: [0mGET /users/best-match/1 [32m200[0m 5.616 ms - 86[0m
2022-08-08 14:27:30 info: [0mGET /users/best-match/2 [32m200[0m 5.910 ms - 88[0m
2022-08-08 14:27:31 info: [0mGET /users/best-match/3 [32m200[0m 5.219 ms - 88[0m
2022-08-08 14:27:31 info: [0mGET /users/best-match/4 [32m200[0m 4.803 ms - 88[0m
2022-08-08 14:27:32 info: [0mGET /users/best-match/1 [32m200[0m 4.406 ms - 86[0m
2022-08-08 14:27:47 info: =================================
2022-08-08 14:27:47 info: ======= ENV: development =======
2022-08-08 14:27:47 info: 🚀 App listening on the port 3000
2022-08-08 14:27:47 info: =================================
2022-08-08 14:27:47 info: [0mGET /users/best-match/1 [32m200[0m 13.376 ms - 86[0m
2022-08-08 14:27:48 info: [0mGET /users/best-match/1 [32m200[0m 9.081 ms - 86[0m
2022-08-08 14:27:48 info: [0mGET /users/best-match/1 [32m200[0m 5.288 ms - 86[0m
2022-08-08 14:27:52 info: =================================
2022-08-08 14:27:52 info: ======= ENV: development =======
2022-08-08 14:27:52 info: 🚀 App listening on the port 3000
2022-08-08 14:27:52 info: =================================
2022-08-08 14:27:55 info: [0mGET /users/best-match/1 [32m200[0m 16.415 ms - 86[0m
2022-08-08 14:27:56 info: [0mGET /users/best-match/1 [32m200[0m 4.489 ms - 86[0m
2022-08-08 14:27:57 info: [0mGET /users/best-match/1 [32m200[0m 4.271 ms - 86[0m
2022-08-08 14:28:09 info: =================================
2022-08-08 14:28:09 info: ======= ENV: development =======
2022-08-08 14:28:09 info: 🚀 App listening on the port 3000
2022-08-08 14:28:09 info: =================================
2022-08-08 14:28:19 info: [0mGET /users/best-match/1 [32m200[0m 14.660 ms - 198[0m
2022-08-08 14:28:29 info: [0mGET /users/best-match/2 [32m200[0m 6.218 ms - 200[0m
2022-08-08 14:28:30 info: [0mGET /users/best-match/ [33m404[0m 1.890 ms - 156[0m
2022-08-08 14:28:31 info: [0mGET /users/best-match/3 [32m200[0m 4.449 ms - 203[0m
2022-08-08 14:28:45 info: =================================
2022-08-08 14:28:45 info: ======= ENV: development =======
2022-08-08 14:28:45 info: 🚀 App listening on the port 3000
2022-08-08 14:28:45 info: =================================
2022-08-08 14:28:45 info: [0mGET /users/best-match/3 [32m200[0m 13.918 ms - 203[0m
2022-08-08 14:28:53 info: =================================
2022-08-08 14:28:53 info: ======= ENV: development =======
2022-08-08 14:28:53 info: 🚀 App listening on the port 3000
2022-08-08 14:28:53 info: =================================
2022-08-08 14:28:54 info: [0mGET /users/best-match/3 [32m200[0m 15.537 ms - 203[0m
2022-08-08 14:29:07 info: =================================
2022-08-08 14:29:07 info: ======= ENV: development =======
2022-08-08 14:29:07 info: 🚀 App listening on the port 3000
2022-08-08 14:29:07 info: =================================
2022-08-08 14:29:11 info: [0mGET /users/best-match/3 [32m200[0m 16.500 ms - 203[0m
2022-08-08 14:29:24 info: [0mGET /users/best-match/1 [32m200[0m 57.324 ms - 198[0m
2022-08-08 14:29:26 info: [0mGET /users/best-match/3 [32m200[0m 5.090 ms - 203[0m
2022-08-08 14:29:27 info: [0mGET /users/best-match/2 [32m200[0m 4.725 ms - 200[0m
2022-08-08 14:29:29 info: [0mGET /users/best-match/1 [32m200[0m 4.419 ms - 198[0m
2022-08-08 14:29:29 info: [0mGET /users/best-match/4 [32m200[0m 5.046 ms - 203[0m
2022-08-08 14:29:55 info: =================================
2022-08-08 14:29:55 info: ======= ENV: development =======
2022-08-08 14:29:55 info: 🚀 App listening on the port 3000
2022-08-08 14:29:55 info: =================================
2022-08-08 14:29:55 info: [0mGET /users/best-match/4 [32m200[0m 14.190 ms - 203[0m
2022-08-08 14:29:56 info: [0mGET /users/best-match/4 [32m200[0m 4.456 ms - 203[0m
2022-08-08 14:30:03 info: [0mGET /users/best-match/1 [32m200[0m 4.769 ms - 198[0m
2022-08-08 14:30:04 info: [0mGET /users/best-match/2 [32m200[0m 7.113 ms - 200[0m
2022-08-08 14:30:05 info: [0mGET /users/best-match/1 [32m200[0m 6.839 ms - 198[0m
2022-08-08 14:30:06 info: [0mGET /users/best-match/3 [32m200[0m 4.610 ms - 203[0m
2022-08-08 14:30:07 info: [0mGET /users/best-match/2 [32m200[0m 4.394 ms - 200[0m
2022-08-08 14:30:08 info: [0mGET /users/best-match/ [33m404[0m 1.649 ms - 156[0m
2022-08-08 14:30:08 info: [0mGET /users/best-match1 [33m404[0m 0.920 ms - 156[0m
2022-08-08 14:30:10 info: [0mGET /users/best-match/1 [32m200[0m 3.846 ms - 198[0m
2022-08-08 14:30:19 info: =================================
2022-08-08 14:30:19 info: ======= ENV: development =======
2022-08-08 14:30:19 info: 🚀 App listening on the port 3000
2022-08-08 14:30:19 info: =================================
2022-08-08 14:30:30 info: =================================
2022-08-08 14:30:30 info: ======= ENV: development =======
2022-08-08 14:30:30 info: 🚀 App listening on the port 3000
2022-08-08 14:30:30 info: =================================
2022-08-08 14:30:31 info: [0mGET /users/best-match/1 [32m200[0m 17.158 ms - 198[0m
2022-08-08 14:30:32 info: [0mGET /users/best-match/1 [32m200[0m 4.538 ms - 198[0m
2022-08-08 14:30:38 info: =================================
2022-08-08 14:30:38 info: ======= ENV: development =======
2022-08-08 14:30:38 info: 🚀 App listening on the port 3000
2022-08-08 14:30:38 info: =================================
2022-08-08 14:30:53 info: [0mGET /users/best-match/1 [32m200[0m 74.757 ms - 198[0m
2022-08-08 14:31:05 info: =================================
2022-08-08 14:31:05 info: ======= ENV: development =======
2022-08-08 14:31:05 info: 🚀 App listening on the port 3000
2022-08-08 14:31:05 info: =================================
2022-08-08 14:31:10 info: [0mGET /users/best-match/1 [32m200[0m 17.193 ms - 198[0m
2022-08-08 14:31:28 info: =================================
2022-08-08 14:31:28 info: ======= ENV: development =======
2022-08-08 14:31:28 info: 🚀 App listening on the port 3000
2022-08-08 14:31:28 info: =================================
2022-08-08 14:31:31 info: [0mGET /users/best-match/1 [32m200[0m 14.666 ms - 198[0m
2022-08-08 14:31:32 info: [0mGET /users/best-match/1 [32m200[0m 6.784 ms - 198[0m
2022-08-08 14:31:36 info: [0mGET /users/best-match/2 [32m200[0m 5.301 ms - 200[0m
2022-08-08 14:31:37 info: [0mGET /users/best-match/3 [32m200[0m 6.995 ms - 203[0m
2022-08-08 14:31:38 info: [0mGET /users/best-match/4 [32m200[0m 5.216 ms - 203[0m
2022-08-08 14:31:39 info: [0mGET /users/best-match/3 [32m200[0m 4.829 ms - 203[0m
2022-08-08 14:31:40 info: [0mGET /users/best-match/2 [32m200[0m 5.030 ms - 200[0m
2022-08-08 14:31:41 info: [0mGET /users/best-match/3 [32m200[0m 6.834 ms - 203[0m
2022-08-08 14:31:42 info: [0mGET /users/best-match/2 [32m200[0m 5.581 ms - 200[0m
2022-08-08 14:32:07 info: =================================
2022-08-08 14:32:07 info: ======= ENV: development =======
2022-08-08 14:32:07 info: 🚀 App listening on the port 3000
2022-08-08 14:32:07 info: =================================
2022-08-08 14:32:08 info: [0mGET /users/best-match/2 [32m200[0m 14.575 ms - 200[0m
2022-08-08 14:32:09 info: [0mGET /users/best-match/2 [32m200[0m 4.487 ms - 200[0m
2022-08-08 14:32:10 info: [0mGET /users/best-match/2 [32m200[0m 4.660 ms - 200[0m
2022-08-08 14:33:44 info: =================================
2022-08-08 14:33:44 info: ======= ENV: development =======
2022-08-08 14:33:44 info: 🚀 App listening on the port 3000
2022-08-08 14:33:44 info: =================================
2022-08-08 14:33:49 info: =================================
2022-08-08 14:33:49 info: ======= ENV: development =======
2022-08-08 14:33:49 info: 🚀 App listening on the port 3000
2022-08-08 14:33:49 info: =================================
2022-08-08 14:33:54 error: [GET] /users/best-match/2 >> StatusCode:: 500, Message:: schema "math" does not exist
2022-08-08 14:33:54 info: [0mGET /users/best-match/2 [31m500[0m 19.046 ms - 44[0m
2022-08-08 14:33:55 error: [GET] /users/best-match/2 >> StatusCode:: 500, Message:: schema "math" does not exist
2022-08-08 14:33:55 info: [0mGET /users/best-match/2 [31m500[0m 5.363 ms - 44[0m
2022-08-08 14:34:02 info: =================================
2022-08-08 14:34:02 info: ======= ENV: development =======
2022-08-08 14:34:02 info: 🚀 App listening on the port 3000
2022-08-08 14:34:02 info: =================================
2022-08-08 14:34:04 info: [0mGET /users/best-match/2 [32m200[0m 16.686 ms - 200[0m
2022-08-08 14:34:10 info: [0mGET /users/best-match/3 [32m200[0m 4.905 ms - 203[0m
2022-08-08 14:34:11 info: [0mGET /users/best-match/4 [32m200[0m 5.099 ms - 203[0m
2022-08-08 14:34:12 info: [0mGET /users/best-match/ [33m404[0m 1.682 ms - 156[0m
2022-08-08 14:34:13 info: [0mGET /users/best-match/ [33m404[0m 0.805 ms - 156[0m
2022-08-08 14:34:14 info: [0mGET /users/best-match/2 [32m200[0m 5.841 ms - 200[0m
2022-08-08 14:34:15 info: [0mGET /users/best-match/1 [32m200[0m 5.570 ms - 198[0m
2022-08-08 14:34:16 info: [0mGET /users/best-match/3 [32m200[0m 5.656 ms - 203[0m
2022-08-08 14:34:17 info: [0mGET /users/best-match/2 [32m200[0m 4.115 ms - 200[0m
2022-08-08 14:35:01 info: =================================
2022-08-08 14:35:01 info: ======= ENV: development =======
2022-08-08 14:35:01 info: 🚀 App listening on the port 3000
2022-08-08 14:35:01 info: =================================
2022-08-08 14:35:04 info: [0mGET /users/best-match/2 [32m200[0m 23.867 ms - 200[0m
2022-08-08 14:35:56 info: =================================
2022-08-08 14:35:56 info: ======= ENV: development =======
2022-08-08 14:35:56 info: 🚀 App listening on the port 3000
2022-08-08 14:35:56 info: =================================
2022-08-08 14:37:24 info: =================================
2022-08-08 14:37:24 info: ======= ENV: development =======
2022-08-08 14:37:24 info: 🚀 App listening on the port 3000
2022-08-08 14:37:24 info: =================================
2022-08-08 14:37:28 error: [GET] /users/best-match/2 >> StatusCode:: 500, Message:: invalid reference to FROM-clause entry for table "users"
2022-08-08 14:37:28 info: [0mGET /users/best-match/2 [31m500[0m 23.803 ms - 72[0m
2022-08-08 14:37:29 error: [GET] /users/best-match/2 >> StatusCode:: 500, Message:: invalid reference to FROM-clause entry for table "users"
2022-08-08 14:37:29 info: [0mGET /users/best-match/2 [31m500[0m 6.732 ms - 72[0m
2022-08-08 14:37:37 info: =================================
2022-08-08 14:37:37 info: ======= ENV: development =======
2022-08-08 14:37:37 info: 🚀 App listening on the port 3000
2022-08-08 14:37:37 info: =================================
2022-08-08 14:37:45 info: [0mGET /users/best-match/2 [32m200[0m 14.475 ms - 200[0m
2022-08-08 14:38:13 info: =================================
2022-08-08 14:38:13 info: ======= ENV: development =======
2022-08-08 14:38:13 info: 🚀 App listening on the port 3000
2022-08-08 14:38:13 info: =================================
2022-08-08 14:38:36 info: [0mGET /users/best-match/2 [32m200[0m 66.373 ms - 200[0m
2022-08-08 14:38:37 info: [0mGET /users/best-match/2 [32m200[0m 5.394 ms - 200[0m
2022-08-08 14:38:44 info: =================================
2022-08-08 14:38:44 info: ======= ENV: development =======
2022-08-08 14:38:44 info: 🚀 App listening on the port 3000
2022-08-08 14:38:44 info: =================================
2022-08-08 14:38:46 info: [0mGET /users/best-match/2 [32m200[0m 15.732 ms - 200[0m
2022-08-08 14:38:47 info: [0mGET /users/best-match/2 [32m200[0m 5.284 ms - 200[0m
2022-08-08 14:38:58 info: =================================
2022-08-08 14:38:58 info: ======= ENV: development =======
2022-08-08 14:38:58 info: 🚀 App listening on the port 3000
2022-08-08 14:38:58 info: =================================
2022-08-08 14:39:11 info: [0mGET /users/best-match/2 [32m200[0m 63.997 ms - 200[0m
2022-08-08 14:39:12 info: [0mGET /users/best-match/2 [32m200[0m 4.553 ms - 200[0m
2022-08-08 14:39:12 info: [0mGET /users/best-match/2 [32m200[0m 5.896 ms - 200[0m
2022-08-08 14:39:13 info: [0mGET /users/best-match/2 [32m200[0m 4.818 ms - 200[0m
2022-08-08 14:39:13 info: [0mGET /users/best-match/2 [32m200[0m 5.879 ms - 200[0m
2022-08-08 14:39:14 info: [0mGET /users/best-match/2 [32m200[0m 4.587 ms - 200[0m
2022-08-08 14:39:15 info: [0mGET /users/best-match/2 [32m200[0m 4.691 ms - 200[0m
2022-08-08 14:39:15 info: [0mGET /users/best-match/2 [32m200[0m 4.335 ms - 200[0m
2022-08-08 14:39:17 info: [0mGET /users/best-match/2 [32m200[0m 4.579 ms - 200[0m
2022-08-08 14:39:17 info: [0mGET /users/best-match/2 [32m200[0m 4.203 ms - 200[0m
2022-08-08 14:39:18 info: [0mGET /users/best-match/2 [32m200[0m 5.299 ms - 200[0m
2022-08-08 14:39:18 info: [0mGET /users/best-match/2 [32m200[0m 4.847 ms - 200[0m
2022-08-08 14:39:19 info: [0mGET /users/best-match/2 [32m200[0m 6.864 ms - 200[0m
2022-08-08 14:39:25 info: =================================
2022-08-08 14:39:25 info: ======= ENV: development =======
2022-08-08 14:39:25 info: 🚀 App listening on the port 3000
2022-08-08 14:39:25 info: =================================
2022-08-08 14:39:27 info: [0mGET /users/best-match/2 [32m200[0m 15.838 ms - 200[0m
2022-08-08 14:39:44 info: =================================
2022-08-08 14:39:44 info: ======= ENV: development =======
2022-08-08 14:39:44 info: 🚀 App listening on the port 3000
2022-08-08 14:39:44 info: =================================
2022-08-08 14:39:58 info: [0mGET /users/best-match/2 [32m200[0m 64.703 ms - 200[0m
2022-08-08 14:40:06 info: =================================
2022-08-08 14:40:06 info: ======= ENV: development =======
2022-08-08 14:40:06 info: 🚀 App listening on the port 3000
2022-08-08 14:40:06 info: =================================
2022-08-08 14:40:08 info: [0mGET /users/best-match/2 [32m200[0m 16.168 ms - 200[0m
2022-08-08 14:40:13 info: [0mGET /users/best-match/1 [32m200[0m 4.386 ms - 198[0m
2022-08-08 14:44:44 info: [0mGET /users/best-match/1 [32m200[0m 31861.420 ms - 198[0m
2022-08-08 14:44:55 info: =================================
2022-08-08 14:44:55 info: ======= ENV: development =======
2022-08-08 14:44:55 info: 🚀 App listening on the port 3000
2022-08-08 14:44:55 info: =================================
2022-08-08 14:45:26 info: [0mGET /users/best-match/1 [32m200[0m 6156.946 ms - 198[0m
2022-08-08 14:47:33 info: =================================
2022-08-08 14:47:33 info: ======= ENV: development =======
2022-08-08 14:47:33 info: 🚀 App listening on the port 3000
2022-08-08 14:47:33 info: =================================
2022-08-08 14:47:44 info: [0mGET /users/best-match/1 [32m200[0m 6011.506 ms - 198[0m
2022-08-08 14:49:08 info: =================================
2022-08-08 14:49:08 info: ======= ENV: development =======
2022-08-08 14:49:08 info: 🚀 App listening on the port 3000
2022-08-08 14:49:08 info: =================================
2022-08-08 14:49:31 info: [0mGET /users/best-match/1 [32m200[0m 76.190 ms - 198[0m
2022-08-08 14:49:37 info: [0mGET /users/best-match/2 [32m200[0m 5.131 ms - 200[0m
2022-08-08 14:49:37 info: [0mGET /users/best-match/3 [32m200[0m 6.097 ms - 203[0m
2022-08-08 14:49:41 info: [0mGET /users/best-match/4 [32m200[0m 4.369 ms - 203[0m
2022-08-08 14:49:54 info: [0mGET /users/best-match/3 [32m200[0m 61.302 ms - 203[0m
2022-08-08 14:49:56 info: [0mGET /users/best-match/2 [32m200[0m 4.630 ms - 200[0m
2022-08-08 14:50:02 info: [0mGET /users/best-match/1 [32m200[0m 4.110 ms - 198[0m
2022-08-08 14:50:02 info: [0mGET /users/best-match/2 [32m200[0m 4.650 ms - 200[0m
2022-08-08 14:50:05 info: [0mGET /users/best-match/1 [32m200[0m 5.556 ms - 198[0m
2022-08-08 14:50:46 info: =================================
2022-08-08 14:50:46 info: ======= ENV: development =======
2022-08-08 14:50:46 info: 🚀 App listening on the port 3000
2022-08-08 14:50:46 info: =================================
2022-08-08 14:52:29 info: =================================
2022-08-08 14:52:29 info: ======= ENV: development =======
2022-08-08 14:52:29 info: 🚀 App listening on the port 3000
2022-08-08 14:52:29 info: =================================
2022-08-08 14:52:30 info: [0mGET /users/best-match/1 [32m200[0m 15.158 ms - 86[0m
2022-08-08 14:52:31 info: [0mGET /users/best-match/1 [32m200[0m 5.020 ms - 86[0m
2022-08-08 14:53:25 info: =================================
2022-08-08 14:53:25 info: ======= ENV: development =======
2022-08-08 14:53:25 info: 🚀 App listening on the port 3000
2022-08-08 14:53:25 info: =================================
2022-08-08 14:54:56 info: =================================
2022-08-08 14:54:56 info: ======= ENV: development =======
2022-08-08 14:54:56 info: 🚀 App listening on the port 3000
2022-08-08 14:54:56 info: =================================
2022-08-08 14:55:35 info: =================================
2022-08-08 14:55:35 info: ======= ENV: development =======
2022-08-08 14:55:35 info: 🚀 App listening on the port 3000
2022-08-08 14:55:35 info: =================================
2022-08-08 14:56:03 info: =================================
2022-08-08 14:56:03 info: ======= ENV: development =======
2022-08-08 14:56:03 info: 🚀 App listening on the port 3000
2022-08-08 14:56:03 info: =================================
2022-08-08 14:56:10 info: =================================
2022-08-08 14:56:10 info: ======= ENV: development =======
2022-08-08 14:56:10 info: 🚀 App listening on the port 3000
2022-08-08 14:56:10 info: =================================
2022-08-08 14:56:17 info: =================================
2022-08-08 14:56:17 info: ======= ENV: development =======
2022-08-08 14:56:17 info: 🚀 App listening on the port 3000
2022-08-08 14:56:17 info: =================================
2022-08-08 14:57:51 info: =================================
2022-08-08 14:57:51 info: ======= ENV: development =======
2022-08-08 14:57:51 info: 🚀 App listening on the port 3000
2022-08-08 14:57:51 info: =================================
2022-08-08 14:57:55 info: =================================
2022-08-08 14:57:55 info: ======= ENV: development =======
2022-08-08 14:57:55 info: 🚀 App listening on the port 3000
2022-08-08 14:57:55 info: =================================
2022-08-08 14:59:36 info: =================================
2022-08-08 14:59:36 info: ======= ENV: development =======
2022-08-08 14:59:36 info: 🚀 App listening on the port 3000
2022-08-08 14:59:36 info: =================================
2022-08-08 15:00:43 info: =================================
2022-08-08 15:00:43 info: ======= ENV: development =======
2022-08-08 15:00:43 info: 🚀 App listening on the port 3000
2022-08-08 15:00:43 info: =================================
2022-08-08 15:01:05 info: =================================
2022-08-08 15:01:05 info: ======= ENV: development =======
2022-08-08 15:01:05 info: 🚀 App listening on the port 3000
2022-08-08 15:01:05 info: =================================
2022-08-08 15:22:27 info: =================================
2022-08-08 15:22:27 info: ======= ENV: development =======
2022-08-08 15:22:27 info: 🚀 App listening on the port 3000
2022-08-08 15:22:27 info: =================================
2022-08-08 15:22:37 info: =================================
2022-08-08 15:22:37 info: ======= ENV: development =======
2022-08-08 15:22:37 info: 🚀 App listening on the port 3000
2022-08-08 15:22:37 info: =================================
2022-08-08 15:22:50 info: =================================
2022-08-08 15:22:50 info: ======= ENV: development =======
2022-08-08 15:22:50 info: 🚀 App listening on the port 3000
2022-08-08 15:22:50 info: =================================
2022-08-08 15:23:17 info: =================================
2022-08-08 15:23:17 info: ======= ENV: development =======
2022-08-08 15:23:17 info: 🚀 App listening on the port 3000
2022-08-08 15:23:17 info: =================================
2022-08-08 15:23:21 info: [0mGET /users/best-match/1 [32m200[0m 15.881 ms - 171[0m
2022-08-08 15:23:24 info: [0mGET /users/best-match/2 [32m200[0m 7.097 ms - 168[0m
2022-08-08 15:23:25 info: [0mGET /users/best-match/3 [32m200[0m 5.804 ms - 171[0m
2022-08-08 15:23:25 info: [0mGET /users/best-match/1 [32m200[0m 4.401 ms - 171[0m
2022-08-08 15:23:26 info: [0mGET /users/best-match/2 [32m200[0m 5.599 ms - 168[0m
2022-08-08 15:23:27 info: [0mGET /users/best-match/4 [32m200[0m 5.567 ms - 168[0m
2022-08-08 15:23:28 info: [0mGET /users/best-match/1 [32m200[0m 5.060 ms - 171[0m
2022-08-08 15:23:29 info: [0mGET /users/best-match/2 [32m200[0m 4.295 ms - 168[0m
2022-08-08 15:23:52 info: [0mGET /users/best-match/1 [32m200[0m 58.301 ms - 171[0m
2022-08-08 15:23:53 info: [0mGET /users/best-match/2 [32m200[0m 4.648 ms - 168[0m
2022-08-08 15:23:56 info: [0mGET /users/best-match/2 [32m200[0m 5.267 ms - 168[0m
2022-08-08 15:23:57 info: [0mGET /users/best-match/2 [32m200[0m 4.452 ms - 168[0m
2022-08-08 15:23:59 info: [0mGET /users/best-match/3 [32m200[0m 4.533 ms - 171[0m
2022-08-08 15:24:00 info: [0mGET /users/best-match/ [33m404[0m 1.659 ms - 156[0m
2022-08-08 15:24:02 info: [0mGET /users/best-match/2 [32m200[0m 3.703 ms - 168[0m
2022-08-08 15:24:11 info: [0mGET /users/best-match.1 [33m404[0m 1.101 ms - 157[0m
2022-08-08 15:24:13 info: [0mGET /users/best-match.1 [33m404[0m 0.692 ms - 157[0m
2022-08-08 15:24:16 info: [0mGET /users/best-match/2 [32m200[0m 49.598 ms - 168[0m
2022-08-08 15:24:17 info: [0mGET /users/best-match/1 [32m200[0m 4.794 ms - 171[0m
2022-08-08 15:24:52 info: [0mGET /users/best-match/2 [32m200[0m 44.540 ms - 168[0m
2022-08-08 15:24:54 info: [0mGET /users/best-match/3 [32m200[0m 4.741 ms - 171[0m
2022-08-08 15:25:03 info: [0mGET /users/best-match/4 [32m200[0m 6.186 ms - 168[0m
2022-08-08 15:25:37 info: [0mGET /users/best-match/2 [32m200[0m 52.459 ms - 173[0m
2022-08-08 16:29:42 info: =================================
2022-08-08 16:29:42 info: ======= ENV: development =======
2022-08-08 16:29:42 info: 🚀 App listening on the port 3000
2022-08-08 16:29:42 info: =================================
2022-08-08 16:30:59 info: [0mGET /users/create [33m404[0m 4.031 ms - 151[0m
2022-08-08 16:31:55 info: [0mGET /users/create [33m404[0m 1.361 ms - 151[0m
2022-08-08 16:32:20 info: [0mGET /users/create [33m404[0m 0.772 ms - 151[0m
2022-08-08 16:32:27 info: [0mGET /users/AllUsers [32m200[0m 175.962 ms - 598[0m
2022-08-08 16:32:31 info: [0mGET /users/create [33m404[0m 1.016 ms - 151[0m
2022-08-08 16:33:59 info: =================================
2022-08-08 16:33:59 info: ======= ENV: development =======
2022-08-08 16:33:59 info: 🚀 App listening on the port 3000
2022-08-08 16:33:59 info: =================================
